<?xml version="1.0" encoding="UTF-8"?>
<testng-results skipped="0" failed="0" ignored="0" total="2" passed="2">
  <reporter-output>
  </reporter-output>
  <suite name="Suite1" duration-ms="43" started-at="2018-10-10T11:44:35Z" finished-at="2018-10-10T11:44:35Z">
    <groups>
    </groups>
    <test name="exampletest1" duration-ms="43" started-at="2018-10-10T11:44:35Z" finished-at="2018-10-10T11:44:35Z">
      <class name="sun.seol.FirstLim">
        <test-method status="PASS" signature="m1()[pri:0, instance:sun.seol.FirstLim@5f375618]" name="m1" duration-ms="11" started-at="2018-10-10T11:44:35Z" finished-at="2018-10-10T11:44:35Z">
          <reporter-output>
          </reporter-output>
        </test-method> <!-- m1 -->
        <test-method status="PASS" signature="m2()[pri:0, instance:sun.seol.FirstLim@5f375618]" name="m2" duration-ms="1" started-at="2018-10-10T11:44:35Z" finished-at="2018-10-10T11:44:35Z">
          <reporter-output>
          </reporter-output>
        </test-method> <!-- m2 -->
      </class> <!-- sun.seol.FirstLim -->
    </test> <!-- exampletest1 -->
  </suite> <!-- Suite1 -->
</testng-results>
